[0.014s] Invoking command in '/home/prolrayder/ros2-slam-exploration/build/ros2_slam_exploration': CMAKE_PREFIX_PATH=/opt/ros/humble /usr/bin/cmake /home/prolrayder/ros2-slam-exploration -DCMAKE_INSTALL_PREFIX=/home/prolrayder/ros2-slam-exploration/install/ros2_slam_exploration
[0.204s] -- The C compiler identification is GNU 11.4.0
[0.658s] -- The CXX compiler identification is GNU 11.4.0
[0.965s] -- Detecting C compiler ABI info
[1.086s] -- Detecting C compiler ABI info - done
[1.091s] -- Check for working C compiler: /usr/bin/cc - skipped
[1.092s] -- Detecting C compile features
[1.093s] -- Detecting C compile features - done
[1.096s] -- Detecting CXX compiler ABI info
[1.221s] -- Detecting CXX compiler ABI info - done
[1.227s] -- Check for working CXX compiler: /usr/bin/c++ - skipped
[1.227s] -- Detecting CXX compile features
[1.227s] -- Detecting CXX compile features - done
[1.235s] -- Found ament_cmake: 1.3.12 (/opt/ros/humble/share/ament_cmake/cmake)
[1.345s] -- Found Python3: /usr/bin/python3 (found version "3.10.12") found components: Interpreter 
[1.433s] -- Found ament_lint_auto: 0.12.14 (/opt/ros/humble/share/ament_lint_auto/cmake)
[1.486s] -- Configuring done
[1.488s] -- Generating done
[1.489s] -- Build files have been written to: /home/prolrayder/ros2-slam-exploration/build/ros2_slam_exploration
[1.492s] Invoked command in '/home/prolrayder/ros2-slam-exploration/build/ros2_slam_exploration' returned '0': CMAKE_PREFIX_PATH=/opt/ros/humble /usr/bin/cmake /home/prolrayder/ros2-slam-exploration -DCMAKE_INSTALL_PREFIX=/home/prolrayder/ros2-slam-exploration/install/ros2_slam_exploration
[1.494s] Invoking command in '/home/prolrayder/ros2-slam-exploration/build/ros2_slam_exploration': CMAKE_PREFIX_PATH=/opt/ros/humble /usr/bin/cmake --build /home/prolrayder/ros2-slam-exploration/build/ros2_slam_exploration -- -j20 -l20
[1.517s] Invoked command in '/home/prolrayder/ros2-slam-exploration/build/ros2_slam_exploration' returned '0': CMAKE_PREFIX_PATH=/opt/ros/humble /usr/bin/cmake --build /home/prolrayder/ros2-slam-exploration/build/ros2_slam_exploration -- -j20 -l20
[1.523s] Invoking command in '/home/prolrayder/ros2-slam-exploration/build/ros2_slam_exploration': CMAKE_PREFIX_PATH=/opt/ros/humble /usr/bin/cmake --install /home/prolrayder/ros2-slam-exploration/build/ros2_slam_exploration
[1.527s] -- Install configuration: ""
[1.527s] -- Installing: /home/prolrayder/ros2-slam-exploration/install/ros2_slam_exploration/share/ros2_slam_exploration/launch
[1.528s] -- Installing: /home/prolrayder/ros2-slam-exploration/install/ros2_slam_exploration/share/ros2_slam_exploration/launch/slam_exploration.launch.py
[1.528s] -- Installing: /home/prolrayder/ros2-slam-exploration/install/ros2_slam_exploration/share/ros2_slam_exploration/launch/gazebo.launch.py
[1.528s] -- Installing: /home/prolrayder/ros2-slam-exploration/install/ros2_slam_exploration/share/ros2_slam_exploration/launch/rviz.launch.py
[1.529s] -- Installing: /home/prolrayder/ros2-slam-exploration/install/ros2_slam_exploration/share/ros2_slam_exploration/launch/slam.launch.py
[1.529s] -- Installing: /home/prolrayder/ros2-slam-exploration/install/ros2_slam_exploration/share/ros2_slam_exploration/config
[1.529s] -- Installing: /home/prolrayder/ros2-slam-exploration/install/ros2_slam_exploration/share/ros2_slam_exploration/config/slam_toolbox_params.yaml
[1.529s] -- Installing: /home/prolrayder/ros2-slam-exploration/install/ros2_slam_exploration/share/ros2_slam_exploration/config/nav2_params.yaml
[1.529s] -- Installing: /home/prolrayder/ros2-slam-exploration/install/ros2_slam_exploration/share/ros2_slam_exploration/rviz
[1.529s] -- Installing: /home/prolrayder/ros2-slam-exploration/install/ros2_slam_exploration/share/ros2_slam_exploration/rviz/slam_view.rviz
[1.529s] -- Installing: /home/prolrayder/ros2-slam-exploration/install/ros2_slam_exploration/share/ros2_slam_exploration/worlds
[1.529s] -- Installing: /home/prolrayder/ros2-slam-exploration/install/ros2_slam_exploration/share/ros2_slam_exploration/worlds/exploration_world.world
[1.529s] -- Installing: /home/prolrayder/ros2-slam-exploration/install/ros2_slam_exploration/share/ros2_slam_exploration/maps
[1.530s] -- Installing: /home/prolrayder/ros2-slam-exploration/install/ros2_slam_exploration/share/ros2_slam_exploration/maps/README.md
[1.530s] -- Installing: /home/prolrayder/ros2-slam-exploration/install/ros2_slam_exploration/share/ament_index/resource_index/package_run_dependencies/ros2_slam_exploration
[1.530s] -- Installing: /home/prolrayder/ros2-slam-exploration/install/ros2_slam_exploration/share/ament_index/resource_index/parent_prefix_path/ros2_slam_exploration
[1.530s] -- Installing: /home/prolrayder/ros2-slam-exploration/install/ros2_slam_exploration/share/ros2_slam_exploration/environment/ament_prefix_path.sh
[1.530s] -- Installing: /home/prolrayder/ros2-slam-exploration/install/ros2_slam_exploration/share/ros2_slam_exploration/environment/ament_prefix_path.dsv
[1.530s] -- Installing: /home/prolrayder/ros2-slam-exploration/install/ros2_slam_exploration/share/ros2_slam_exploration/environment/path.sh
[1.531s] -- Installing: /home/prolrayder/ros2-slam-exploration/install/ros2_slam_exploration/share/ros2_slam_exploration/environment/path.dsv
[1.531s] -- Installing: /home/prolrayder/ros2-slam-exploration/install/ros2_slam_exploration/share/ros2_slam_exploration/local_setup.bash
[1.531s] -- Installing: /home/prolrayder/ros2-slam-exploration/install/ros2_slam_exploration/share/ros2_slam_exploration/local_setup.sh
[1.531s] -- Installing: /home/prolrayder/ros2-slam-exploration/install/ros2_slam_exploration/share/ros2_slam_exploration/local_setup.zsh
[1.531s] -- Installing: /home/prolrayder/ros2-slam-exploration/install/ros2_slam_exploration/share/ros2_slam_exploration/local_setup.dsv
[1.531s] -- Installing: /home/prolrayder/ros2-slam-exploration/install/ros2_slam_exploration/share/ros2_slam_exploration/package.dsv
[1.531s] -- Installing: /home/prolrayder/ros2-slam-exploration/install/ros2_slam_exploration/share/ament_index/resource_index/packages/ros2_slam_exploration
[1.531s] -- Installing: /home/prolrayder/ros2-slam-exploration/install/ros2_slam_exploration/share/ros2_slam_exploration/cmake/ros2_slam_explorationConfig.cmake
[1.532s] -- Installing: /home/prolrayder/ros2-slam-exploration/install/ros2_slam_exploration/share/ros2_slam_exploration/cmake/ros2_slam_explorationConfig-version.cmake
[1.532s] -- Installing: /home/prolrayder/ros2-slam-exploration/install/ros2_slam_exploration/share/ros2_slam_exploration/package.xml
[1.533s] Invoked command in '/home/prolrayder/ros2-slam-exploration/build/ros2_slam_exploration' returned '0': CMAKE_PREFIX_PATH=/opt/ros/humble /usr/bin/cmake --install /home/prolrayder/ros2-slam-exploration/build/ros2_slam_exploration
