[0.151s] DEBUG:colcon:Command line arguments: ['/usr/bin/colcon', 'build']
[0.151s] DEBUG:colcon:Parsed command line arguments: Namespace(log_base=None, log_level=None, verb_name='build', build_base='build', install_base='install', merge_install=False, symlink_install=False, test_result_base=None, continue_on_error=False, executor='parallel', parallel_workers=20, event_handlers=None, ignore_user_meta=False, metas=['./colcon.meta'], base_paths=['.'], packages_ignore=None, packages_ignore_regex=None, paths=None, packages_up_to=None, packages_up_to_regex=None, packages_above=None, packages_above_and_dependencies=None, packages_above_depth=None, packages_select_by_dep=None, packages_skip_by_dep=None, packages_skip_up_to=None, packages_select_build_failed=False, packages_skip_build_finished=False, packages_select_test_failures=False, packages_skip_test_passed=False, packages_select=None, packages_skip=None, packages_select_regex=None, packages_skip_regex=None, packages_start=None, packages_end=None, allow_overriding=[], cmake_args=None, cmake_target=None, cmake_target_skip_unavailable=False, cmake_clean_cache=False, cmake_clean_first=False, cmake_force_configure=False, ament_cmake_args=None, catkin_cmake_args=None, catkin_skip_building_tests=False, verb_parser=<colcon_defaults.argument_parser.defaults.DefaultArgumentsDecorator object at 0x7f35ebf3b580>, verb_extension=<colcon_core.verb.build.BuildVerb object at 0x7f35ec1088e0>, main=<bound method BuildVerb.main of <colcon_core.verb.build.BuildVerb object at 0x7f35ec1088e0>>)
[0.274s] Level 1:colcon.colcon_core.package_discovery:discover_packages(colcon_meta) check parameters
[0.274s] Level 1:colcon.colcon_core.package_discovery:discover_packages(recursive) check parameters
[0.274s] Level 1:colcon.colcon_core.package_discovery:discover_packages(ignore) check parameters
[0.274s] Level 1:colcon.colcon_core.package_discovery:discover_packages(path) check parameters
[0.274s] Level 1:colcon.colcon_core.package_discovery:discover_packages(colcon_meta) discover
[0.274s] Level 1:colcon.colcon_core.package_discovery:discover_packages(recursive) discover
[0.274s] INFO:colcon.colcon_core.package_discovery:Crawling recursively for packages in '/home/prolrayder/ros2-slam-exploration'
[0.274s] Level 1:colcon.colcon_core.package_identification:_identify(.) by extensions ['ignore', 'ignore_ament_install']
[0.274s] Level 1:colcon.colcon_core.package_identification:_identify(.) by extension 'ignore'
[0.274s] Level 1:colcon.colcon_core.package_identification:_identify(.) by extension 'ignore_ament_install'
[0.274s] Level 1:colcon.colcon_core.package_identification:_identify(.) by extensions ['colcon_pkg']
[0.274s] Level 1:colcon.colcon_core.package_identification:_identify(.) by extension 'colcon_pkg'
[0.274s] Level 1:colcon.colcon_core.package_identification:_identify(.) by extensions ['colcon_meta']
[0.274s] Level 1:colcon.colcon_core.package_identification:_identify(.) by extension 'colcon_meta'
[0.274s] Level 1:colcon.colcon_core.package_identification:_identify(.) by extensions ['ros']
[0.274s] Level 1:colcon.colcon_core.package_identification:_identify(.) by extension 'ros'
[0.285s] DEBUG:colcon.colcon_core.package_identification:Package '.' with type 'ros.ament_cmake' and name 'ros2_slam_exploration'
[0.285s] Level 1:colcon.colcon_core.package_discovery:discover_packages(recursive) using defaults
[0.285s] Level 1:colcon.colcon_core.package_discovery:discover_packages(ignore) discover
[0.285s] Level 1:colcon.colcon_core.package_discovery:discover_packages(ignore) using defaults
[0.285s] Level 1:colcon.colcon_core.package_discovery:discover_packages(path) discover
[0.285s] Level 1:colcon.colcon_core.package_discovery:discover_packages(path) using defaults
[0.301s] Level 1:colcon.colcon_core.package_discovery:discover_packages(prefix_path) check parameters
[0.301s] Level 1:colcon.colcon_core.package_discovery:discover_packages(prefix_path) discover
[0.308s] DEBUG:colcon.colcon_installed_package_information.package_discovery:Found 1 installed packages in /home/prolrayder/ros2-slam-exploration/install
[0.309s] DEBUG:colcon.colcon_installed_package_information.package_discovery:Found 378 installed packages in /opt/ros/humble
[0.310s] Level 1:colcon.colcon_core.package_discovery:discover_packages(prefix_path) using defaults
[0.345s] Level 5:colcon.colcon_core.verb:set package 'ros2_slam_exploration' build argument 'cmake_args' from command line to 'None'
[0.345s] Level 5:colcon.colcon_core.verb:set package 'ros2_slam_exploration' build argument 'cmake_target' from command line to 'None'
[0.345s] Level 5:colcon.colcon_core.verb:set package 'ros2_slam_exploration' build argument 'cmake_target_skip_unavailable' from command line to 'False'
[0.345s] Level 5:colcon.colcon_core.verb:set package 'ros2_slam_exploration' build argument 'cmake_clean_cache' from command line to 'False'
[0.345s] Level 5:colcon.colcon_core.verb:set package 'ros2_slam_exploration' build argument 'cmake_clean_first' from command line to 'False'
[0.345s] Level 5:colcon.colcon_core.verb:set package 'ros2_slam_exploration' build argument 'cmake_force_configure' from command line to 'False'
[0.345s] Level 5:colcon.colcon_core.verb:set package 'ros2_slam_exploration' build argument 'ament_cmake_args' from command line to 'None'
[0.345s] Level 5:colcon.colcon_core.verb:set package 'ros2_slam_exploration' build argument 'catkin_cmake_args' from command line to 'None'
[0.345s] Level 5:colcon.colcon_core.verb:set package 'ros2_slam_exploration' build argument 'catkin_skip_building_tests' from command line to 'False'
[0.345s] DEBUG:colcon.colcon_core.verb:Building package 'ros2_slam_exploration' with the following arguments: {'ament_cmake_args': None, 'build_base': '/home/prolrayder/ros2-slam-exploration/build/ros2_slam_exploration', 'catkin_cmake_args': None, 'catkin_skip_building_tests': False, 'cmake_args': None, 'cmake_clean_cache': False, 'cmake_clean_first': False, 'cmake_force_configure': False, 'cmake_target': None, 'cmake_target_skip_unavailable': False, 'install_base': '/home/prolrayder/ros2-slam-exploration/install/ros2_slam_exploration', 'merge_install': False, 'path': '/home/prolrayder/ros2-slam-exploration', 'symlink_install': False, 'test_result_base': None}
[0.345s] INFO:colcon.colcon_core.executor:Executing jobs using 'parallel' executor
[0.346s] DEBUG:colcon.colcon_parallel_executor.executor.parallel:run_until_complete
[0.346s] INFO:colcon.colcon_ros.task.ament_cmake.build:Building ROS package in '/home/prolrayder/ros2-slam-exploration' with build type 'ament_cmake'
[0.346s] INFO:colcon.colcon_cmake.task.cmake.build:Building CMake package in '/home/prolrayder/ros2-slam-exploration'
[0.348s] INFO:colcon.colcon_core.plugin_system:Skipping extension 'colcon_core.shell.bat': Not used on non-Windows systems
[0.348s] INFO:colcon.colcon_core.shell:Skip shell extension 'powershell' for command environment: Not usable outside of PowerShell
[0.348s] DEBUG:colcon.colcon_core.shell:Skip shell extension 'dsv' for command environment
[0.356s] DEBUG:colcon.colcon_core.event_handler.log_command:Invoking command in '/home/prolrayder/ros2-slam-exploration/build/ros2_slam_exploration': CMAKE_PREFIX_PATH=${CMAKE_PREFIX_PATH}:/opt/ros/humble /usr/bin/cmake --build /home/prolrayder/ros2-slam-exploration/build/ros2_slam_exploration -- -j20 -l20
[0.381s] DEBUG:colcon.colcon_core.event_handler.log_command:Invoked command in '/home/prolrayder/ros2-slam-exploration/build/ros2_slam_exploration' returned '0': CMAKE_PREFIX_PATH=${CMAKE_PREFIX_PATH}:/opt/ros/humble /usr/bin/cmake --build /home/prolrayder/ros2-slam-exploration/build/ros2_slam_exploration -- -j20 -l20
[0.388s] DEBUG:colcon.colcon_core.event_handler.log_command:Invoking command in '/home/prolrayder/ros2-slam-exploration/build/ros2_slam_exploration': CMAKE_PREFIX_PATH=${CMAKE_PREFIX_PATH}:/opt/ros/humble /usr/bin/cmake --install /home/prolrayder/ros2-slam-exploration/build/ros2_slam_exploration
[0.397s] Level 1:colcon.colcon_core.environment:create_environment_scripts_only(ros2_slam_exploration)
[0.397s] DEBUG:colcon.colcon_core.event_handler.log_command:Invoked command in '/home/prolrayder/ros2-slam-exploration/build/ros2_slam_exploration' returned '0': CMAKE_PREFIX_PATH=${CMAKE_PREFIX_PATH}:/opt/ros/humble /usr/bin/cmake --install /home/prolrayder/ros2-slam-exploration/build/ros2_slam_exploration
[0.399s] Level 1:colcon.colcon_core.environment:checking '/home/prolrayder/ros2-slam-exploration/install/ros2_slam_exploration' for CMake module files
[0.399s] Level 1:colcon.colcon_core.environment:checking '/home/prolrayder/ros2-slam-exploration/install/ros2_slam_exploration' for CMake config files
[0.399s] Level 1:colcon.colcon_core.shell:create_environment_hook('ros2_slam_exploration', 'cmake_prefix_path')
[0.399s] INFO:colcon.colcon_core.shell:Creating environment hook '/home/prolrayder/ros2-slam-exploration/install/ros2_slam_exploration/share/ros2_slam_exploration/hook/cmake_prefix_path.ps1'
[0.400s] INFO:colcon.colcon_core.shell:Creating environment descriptor '/home/prolrayder/ros2-slam-exploration/install/ros2_slam_exploration/share/ros2_slam_exploration/hook/cmake_prefix_path.dsv'
[0.400s] INFO:colcon.colcon_core.shell:Creating environment hook '/home/prolrayder/ros2-slam-exploration/install/ros2_slam_exploration/share/ros2_slam_exploration/hook/cmake_prefix_path.sh'
[0.401s] Level 1:colcon.colcon_core.environment:checking '/home/prolrayder/ros2-slam-exploration/install/ros2_slam_exploration/bin'
[0.401s] Level 1:colcon.colcon_core.environment:checking '/home/prolrayder/ros2-slam-exploration/install/ros2_slam_exploration/lib/pkgconfig/ros2_slam_exploration.pc'
[0.401s] Level 1:colcon.colcon_core.environment:checking '/home/prolrayder/ros2-slam-exploration/install/ros2_slam_exploration/lib/python3.10/site-packages'
[0.402s] Level 1:colcon.colcon_core.environment:checking '/home/prolrayder/ros2-slam-exploration/install/ros2_slam_exploration/bin'
[0.402s] INFO:colcon.colcon_core.shell:Creating package script '/home/prolrayder/ros2-slam-exploration/install/ros2_slam_exploration/share/ros2_slam_exploration/package.ps1'
[0.402s] INFO:colcon.colcon_core.shell:Creating package descriptor '/home/prolrayder/ros2-slam-exploration/install/ros2_slam_exploration/share/ros2_slam_exploration/package.dsv'
[0.403s] INFO:colcon.colcon_core.shell:Creating package script '/home/prolrayder/ros2-slam-exploration/install/ros2_slam_exploration/share/ros2_slam_exploration/package.sh'
[0.403s] INFO:colcon.colcon_core.shell:Creating package script '/home/prolrayder/ros2-slam-exploration/install/ros2_slam_exploration/share/ros2_slam_exploration/package.bash'
[0.404s] INFO:colcon.colcon_core.shell:Creating package script '/home/prolrayder/ros2-slam-exploration/install/ros2_slam_exploration/share/ros2_slam_exploration/package.zsh'
[0.404s] Level 1:colcon.colcon_core.environment:create_file_with_runtime_dependencies(/home/prolrayder/ros2-slam-exploration/install/ros2_slam_exploration/share/colcon-core/packages/ros2_slam_exploration)
[0.405s] Level 1:colcon.colcon_core.environment:create_environment_scripts_only(ros2_slam_exploration)
[0.405s] Level 1:colcon.colcon_core.environment:checking '/home/prolrayder/ros2-slam-exploration/install/ros2_slam_exploration' for CMake module files
[0.405s] Level 1:colcon.colcon_core.environment:checking '/home/prolrayder/ros2-slam-exploration/install/ros2_slam_exploration' for CMake config files
[0.405s] Level 1:colcon.colcon_core.shell:create_environment_hook('ros2_slam_exploration', 'cmake_prefix_path')
[0.406s] INFO:colcon.colcon_core.shell:Creating environment hook '/home/prolrayder/ros2-slam-exploration/install/ros2_slam_exploration/share/ros2_slam_exploration/hook/cmake_prefix_path.ps1'
[0.406s] INFO:colcon.colcon_core.shell:Creating environment descriptor '/home/prolrayder/ros2-slam-exploration/install/ros2_slam_exploration/share/ros2_slam_exploration/hook/cmake_prefix_path.dsv'
[0.406s] INFO:colcon.colcon_core.shell:Creating environment hook '/home/prolrayder/ros2-slam-exploration/install/ros2_slam_exploration/share/ros2_slam_exploration/hook/cmake_prefix_path.sh'
[0.407s] Level 1:colcon.colcon_core.environment:checking '/home/prolrayder/ros2-slam-exploration/install/ros2_slam_exploration/bin'
[0.407s] Level 1:colcon.colcon_core.environment:checking '/home/prolrayder/ros2-slam-exploration/install/ros2_slam_exploration/lib/pkgconfig/ros2_slam_exploration.pc'
[0.407s] Level 1:colcon.colcon_core.environment:checking '/home/prolrayder/ros2-slam-exploration/install/ros2_slam_exploration/lib/python3.10/site-packages'
[0.407s] Level 1:colcon.colcon_core.environment:checking '/home/prolrayder/ros2-slam-exploration/install/ros2_slam_exploration/bin'
[0.408s] INFO:colcon.colcon_core.shell:Creating package script '/home/prolrayder/ros2-slam-exploration/install/ros2_slam_exploration/share/ros2_slam_exploration/package.ps1'
[0.408s] INFO:colcon.colcon_core.shell:Creating package descriptor '/home/prolrayder/ros2-slam-exploration/install/ros2_slam_exploration/share/ros2_slam_exploration/package.dsv'
[0.408s] INFO:colcon.colcon_core.shell:Creating package script '/home/prolrayder/ros2-slam-exploration/install/ros2_slam_exploration/share/ros2_slam_exploration/package.sh'
[0.409s] INFO:colcon.colcon_core.shell:Creating package script '/home/prolrayder/ros2-slam-exploration/install/ros2_slam_exploration/share/ros2_slam_exploration/package.bash'
[0.409s] INFO:colcon.colcon_core.shell:Creating package script '/home/prolrayder/ros2-slam-exploration/install/ros2_slam_exploration/share/ros2_slam_exploration/package.zsh'
[0.409s] Level 1:colcon.colcon_core.environment:create_file_with_runtime_dependencies(/home/prolrayder/ros2-slam-exploration/install/ros2_slam_exploration/share/colcon-core/packages/ros2_slam_exploration)
[0.410s] DEBUG:colcon.colcon_parallel_executor.executor.parallel:closing loop
[0.410s] DEBUG:colcon.colcon_parallel_executor.executor.parallel:loop closed
[0.411s] DEBUG:colcon.colcon_parallel_executor.executor.parallel:run_until_complete finished with '0'
[0.411s] DEBUG:colcon.colcon_core.event_reactor:joining thread
[0.450s] INFO:colcon.colcon_core.plugin_system:Skipping extension 'colcon_notification.desktop_notification.notify_send': Could not find 'notify-send'
[0.450s] INFO:colcon.colcon_core.plugin_system:Skipping extension 'colcon_notification.desktop_notification.terminal_notifier': Not used on non-Darwin systems
[0.450s] INFO:colcon.colcon_core.plugin_system:Skipping extension 'colcon_notification.desktop_notification.win32': Not used on non-Windows systems
[0.450s] INFO:colcon.colcon_notification.desktop_notification:Sending desktop notification using 'notify2'
[0.452s] DEBUG:colcon.colcon_notification.desktop_notification.notify2:Failed to initialize notify2: org.freedesktop.DBus.Error.ServiceUnknown: The name org.freedesktop.Notifications was not provided by any .service files
[0.452s] DEBUG:colcon.colcon_core.event_reactor:joined thread
[0.452s] INFO:colcon.colcon_core.shell:Creating prefix script '/home/prolrayder/ros2-slam-exploration/install/local_setup.ps1'
[0.453s] INFO:colcon.colcon_core.shell:Creating prefix util module '/home/prolrayder/ros2-slam-exploration/install/_local_setup_util_ps1.py'
[0.454s] INFO:colcon.colcon_core.shell:Creating prefix chain script '/home/prolrayder/ros2-slam-exploration/install/setup.ps1'
[0.455s] INFO:colcon.colcon_core.shell:Creating prefix script '/home/prolrayder/ros2-slam-exploration/install/local_setup.sh'
[0.455s] INFO:colcon.colcon_core.shell:Creating prefix util module '/home/prolrayder/ros2-slam-exploration/install/_local_setup_util_sh.py'
[0.455s] INFO:colcon.colcon_core.shell:Creating prefix chain script '/home/prolrayder/ros2-slam-exploration/install/setup.sh'
[0.456s] INFO:colcon.colcon_core.shell:Creating prefix script '/home/prolrayder/ros2-slam-exploration/install/local_setup.bash'
[0.457s] INFO:colcon.colcon_core.shell:Creating prefix chain script '/home/prolrayder/ros2-slam-exploration/install/setup.bash'
[0.457s] INFO:colcon.colcon_core.shell:Creating prefix script '/home/prolrayder/ros2-slam-exploration/install/local_setup.zsh'
[0.458s] INFO:colcon.colcon_core.shell:Creating prefix chain script '/home/prolrayder/ros2-slam-exploration/install/setup.zsh'
