-- Install configuration: ""
-- Up-to-date: /home/prolrayder/ros2-slam-exploration/install/ros2_slam_exploration/share/ros2_slam_exploration/launch
-- Up-to-date: /home/prolrayder/ros2-slam-exploration/install/ros2_slam_exploration/share/ros2_slam_exploration/launch/slam_exploration.launch.py
-- Installing: /home/prolrayder/ros2-slam-exploration/install/ros2_slam_exploration/share/ros2_slam_exploration/launch/gazebo.launch.py
-- Up-to-date: /home/prolrayder/ros2-slam-exploration/install/ros2_slam_exploration/share/ros2_slam_exploration/launch/rviz.launch.py
-- Up-to-date: /home/prolrayder/ros2-slam-exploration/install/ros2_slam_exploration/share/ros2_slam_exploration/launch/slam.launch.py
-- Up-to-date: /home/prolrayder/ros2-slam-exploration/install/ros2_slam_exploration/share/ros2_slam_exploration/config
-- Up-to-date: /home/prolrayder/ros2-slam-exploration/install/ros2_slam_exploration/share/ros2_slam_exploration/config/slam_toolbox_params.yaml
-- Up-to-date: /home/prolrayder/ros2-slam-exploration/install/ros2_slam_exploration/share/ros2_slam_exploration/config/nav2_params.yaml
-- Up-to-date: /home/prolrayder/ros2-slam-exploration/install/ros2_slam_exploration/share/ros2_slam_exploration/rviz
-- Up-to-date: /home/prolrayder/ros2-slam-exploration/install/ros2_slam_exploration/share/ros2_slam_exploration/rviz/slam_view.rviz
-- Up-to-date: /home/prolrayder/ros2-slam-exploration/install/ros2_slam_exploration/share/ros2_slam_exploration/worlds
-- Up-to-date: /home/prolrayder/ros2-slam-exploration/install/ros2_slam_exploration/share/ros2_slam_exploration/worlds/exploration_world.world
-- Up-to-date: /home/prolrayder/ros2-slam-exploration/install/ros2_slam_exploration/share/ros2_slam_exploration/maps
-- Up-to-date: /home/prolrayder/ros2-slam-exploration/install/ros2_slam_exploration/share/ros2_slam_exploration/maps/README.md
-- Up-to-date: /home/prolrayder/ros2-slam-exploration/install/ros2_slam_exploration/share/ament_index/resource_index/package_run_dependencies/ros2_slam_exploration
-- Up-to-date: /home/prolrayder/ros2-slam-exploration/install/ros2_slam_exploration/share/ament_index/resource_index/parent_prefix_path/ros2_slam_exploration
-- Up-to-date: /home/prolrayder/ros2-slam-exploration/install/ros2_slam_exploration/share/ros2_slam_exploration/environment/ament_prefix_path.sh
-- Up-to-date: /home/prolrayder/ros2-slam-exploration/install/ros2_slam_exploration/share/ros2_slam_exploration/environment/ament_prefix_path.dsv
-- Up-to-date: /home/prolrayder/ros2-slam-exploration/install/ros2_slam_exploration/share/ros2_slam_exploration/environment/path.sh
-- Up-to-date: /home/prolrayder/ros2-slam-exploration/install/ros2_slam_exploration/share/ros2_slam_exploration/environment/path.dsv
-- Up-to-date: /home/prolrayder/ros2-slam-exploration/install/ros2_slam_exploration/share/ros2_slam_exploration/local_setup.bash
-- Up-to-date: /home/prolrayder/ros2-slam-exploration/install/ros2_slam_exploration/share/ros2_slam_exploration/local_setup.sh
-- Up-to-date: /home/prolrayder/ros2-slam-exploration/install/ros2_slam_exploration/share/ros2_slam_exploration/local_setup.zsh
-- Up-to-date: /home/prolrayder/ros2-slam-exploration/install/ros2_slam_exploration/share/ros2_slam_exploration/local_setup.dsv
-- Installing: /home/prolrayder/ros2-slam-exploration/install/ros2_slam_exploration/share/ros2_slam_exploration/package.dsv
-- Up-to-date: /home/prolrayder/ros2-slam-exploration/install/ros2_slam_exploration/share/ament_index/resource_index/packages/ros2_slam_exploration
-- Up-to-date: /home/prolrayder/ros2-slam-exploration/install/ros2_slam_exploration/share/ros2_slam_exploration/cmake/ros2_slam_explorationConfig.cmake
-- Up-to-date: /home/prolrayder/ros2-slam-exploration/install/ros2_slam_exploration/share/ros2_slam_exploration/cmake/ros2_slam_explorationConfig-version.cmake
-- Up-to-date: /home/prolrayder/ros2-slam-exploration/install/ros2_slam_exploration/share/ros2_slam_exploration/package.xml
