[0.008s] Invoking command in '/home/prolrayder/ros2-slam-exploration/build/ros2_slam_exploration': CMAKE_PREFIX_PATH=${CMAKE_PREFIX_PATH}:/opt/ros/humble /usr/bin/cmake --build /home/prolrayder/ros2-slam-exploration/build/ros2_slam_exploration -- -j20 -l20
[0.031s] Invoked command in '/home/prolrayder/ros2-slam-exploration/build/ros2_slam_exploration' returned '0': CMAKE_PREFIX_PATH=${CMAKE_PREFIX_PATH}:/opt/ros/humble /usr/bin/cmake --build /home/prolrayder/ros2-slam-exploration/build/ros2_slam_exploration -- -j20 -l20
[0.037s] Invoking command in '/home/prolrayder/ros2-slam-exploration/build/ros2_slam_exploration': CMAKE_PREFIX_PATH=${CMAKE_PREFIX_PATH}:/opt/ros/humble /usr/bin/cmake --install /home/prolrayder/ros2-slam-exploration/build/ros2_slam_exploration
[0.041s] -- Install configuration: ""
[0.041s] -- Up-to-date: /home/prolrayder/ros2-slam-exploration/install/ros2_slam_exploration/share/ros2_slam_exploration/launch
[0.041s] -- Up-to-date: /home/prolrayder/ros2-slam-exploration/install/ros2_slam_exploration/share/ros2_slam_exploration/launch/slam_exploration.launch.py
[0.041s] -- Installing: /home/prolrayder/ros2-slam-exploration/install/ros2_slam_exploration/share/ros2_slam_exploration/launch/gazebo.launch.py
[0.042s] -- Up-to-date: /home/prolrayder/ros2-slam-exploration/install/ros2_slam_exploration/share/ros2_slam_exploration/launch/rviz.launch.py
[0.042s] -- Up-to-date: /home/prolrayder/ros2-slam-exploration/install/ros2_slam_exploration/share/ros2_slam_exploration/launch/slam.launch.py
[0.042s] -- Up-to-date: /home/prolrayder/ros2-slam-exploration/install/ros2_slam_exploration/share/ros2_slam_exploration/config
[0.042s] -- Up-to-date: /home/prolrayder/ros2-slam-exploration/install/ros2_slam_exploration/share/ros2_slam_exploration/config/slam_toolbox_params.yaml
[0.042s] -- Up-to-date: /home/prolrayder/ros2-slam-exploration/install/ros2_slam_exploration/share/ros2_slam_exploration/config/nav2_params.yaml
[0.042s] -- Up-to-date: /home/prolrayder/ros2-slam-exploration/install/ros2_slam_exploration/share/ros2_slam_exploration/rviz
[0.042s] -- Up-to-date: /home/prolrayder/ros2-slam-exploration/install/ros2_slam_exploration/share/ros2_slam_exploration/rviz/slam_view.rviz
[0.042s] -- Up-to-date: /home/prolrayder/ros2-slam-exploration/install/ros2_slam_exploration/share/ros2_slam_exploration/worlds
[0.042s] -- Up-to-date: /home/prolrayder/ros2-slam-exploration/install/ros2_slam_exploration/share/ros2_slam_exploration/worlds/exploration_world.world
[0.042s] -- Up-to-date: /home/prolrayder/ros2-slam-exploration/install/ros2_slam_exploration/share/ros2_slam_exploration/maps
[0.042s] -- Up-to-date: /home/prolrayder/ros2-slam-exploration/install/ros2_slam_exploration/share/ros2_slam_exploration/maps/README.md
[0.043s] -- Up-to-date: /home/prolrayder/ros2-slam-exploration/install/ros2_slam_exploration/share/ament_index/resource_index/package_run_dependencies/ros2_slam_exploration
[0.043s] -- Up-to-date: /home/prolrayder/ros2-slam-exploration/install/ros2_slam_exploration/share/ament_index/resource_index/parent_prefix_path/ros2_slam_exploration
[0.043s] -- Up-to-date: /home/prolrayder/ros2-slam-exploration/install/ros2_slam_exploration/share/ros2_slam_exploration/environment/ament_prefix_path.sh
[0.043s] -- Up-to-date: /home/prolrayder/ros2-slam-exploration/install/ros2_slam_exploration/share/ros2_slam_exploration/environment/ament_prefix_path.dsv
[0.043s] -- Up-to-date: /home/prolrayder/ros2-slam-exploration/install/ros2_slam_exploration/share/ros2_slam_exploration/environment/path.sh
[0.043s] -- Up-to-date: /home/prolrayder/ros2-slam-exploration/install/ros2_slam_exploration/share/ros2_slam_exploration/environment/path.dsv
[0.043s] -- Up-to-date: /home/prolrayder/ros2-slam-exploration/install/ros2_slam_exploration/share/ros2_slam_exploration/local_setup.bash
[0.043s] -- Up-to-date: /home/prolrayder/ros2-slam-exploration/install/ros2_slam_exploration/share/ros2_slam_exploration/local_setup.sh
[0.044s] -- Up-to-date: /home/prolrayder/ros2-slam-exploration/install/ros2_slam_exploration/share/ros2_slam_exploration/local_setup.zsh
[0.044s] -- Up-to-date: /home/prolrayder/ros2-slam-exploration/install/ros2_slam_exploration/share/ros2_slam_exploration/local_setup.dsv
[0.044s] -- Installing: /home/prolrayder/ros2-slam-exploration/install/ros2_slam_exploration/share/ros2_slam_exploration/package.dsv
[0.044s] -- Up-to-date: /home/prolrayder/ros2-slam-exploration/install/ros2_slam_exploration/share/ament_index/resource_index/packages/ros2_slam_exploration
[0.044s] -- Up-to-date: /home/prolrayder/ros2-slam-exploration/install/ros2_slam_exploration/share/ros2_slam_exploration/cmake/ros2_slam_explorationConfig.cmake
[0.044s] -- Up-to-date: /home/prolrayder/ros2-slam-exploration/install/ros2_slam_exploration/share/ros2_slam_exploration/cmake/ros2_slam_explorationConfig-version.cmake
[0.044s] -- Up-to-date: /home/prolrayder/ros2-slam-exploration/install/ros2_slam_exploration/share/ros2_slam_exploration/package.xml
[0.045s] Invoked command in '/home/prolrayder/ros2-slam-exploration/build/ros2_slam_exploration' returned '0': CMAKE_PREFIX_PATH=${CMAKE_PREFIX_PATH}:/opt/ros/humble /usr/bin/cmake --install /home/prolrayder/ros2-slam-exploration/build/ros2_slam_exploration
